c:\users\diane\source\repos\scrollingtext\createwindow\debug\vc143.pdb
c:\users\diane\source\repos\scrollingtext\createwindow\debug\vc143.idb
c:\users\diane\source\repos\scrollingtext\createwindow\debug\main.obj
c:\users\diane\source\repos\scrollingtext\debug\sfml-window-d-2.dll
c:\users\diane\source\repos\scrollingtext\debug\sfml-system-d-2.dll
c:\users\diane\source\repos\scrollingtext\debug\sfml-graphics-d-2.dll
c:\users\diane\source\repos\scrollingtext\debug\freetyped.dll
c:\users\diane\source\repos\scrollingtext\debug\zlibd1.dll
c:\users\diane\source\repos\scrollingtext\debug\bz2d.dll
c:\users\diane\source\repos\scrollingtext\debug\libpng16d.dll
c:\users\diane\source\repos\scrollingtext\debug\brotlidec.dll
c:\users\diane\source\repos\scrollingtext\debug\brotlicommon.dll
c:\users\diane\source\repos\scrollingtext\debug\createwindow.exe
c:\users\diane\source\repos\scrollingtext\createwindow\debug\createwindow.ilk
c:\users\diane\source\repos\scrollingtext\debug\createwindow.pdb
c:\users\diane\source\repos\scrollingtext\createwindow\debug\createwindow.tlog\cl.command.1.tlog
c:\users\diane\source\repos\scrollingtext\createwindow\debug\createwindow.tlog\cl.read.1.tlog
c:\users\diane\source\repos\scrollingtext\createwindow\debug\createwindow.tlog\cl.write.1.tlog
c:\users\diane\source\repos\scrollingtext\createwindow\debug\createwindow.tlog\createwindow.write.1u.tlog
c:\users\diane\source\repos\scrollingtext\createwindow\debug\createwindow.tlog\link.command.1.tlog
c:\users\diane\source\repos\scrollingtext\createwindow\debug\createwindow.tlog\link.read.1.tlog
c:\users\diane\source\repos\scrollingtext\createwindow\debug\createwindow.tlog\link.write.1.tlog
